sm7635_default_sensors.json
sm7635_dynamic_sensors.json
sm7635_irq.json
sm7635_power_0.json
sns_amd.json
sns_amd_sw_disabled.json
sns_amd_sw_enabled.json
sns_ccd_v1_0_amd.json
sns_ccd_v1_0_ttw.json
sns_ccd_v2_0_walk.json
sns_ccd_v3_0_walk.json
sns_ccd_v3_1_walk.json
sns_ccd_v4_0_sensors.json
sns_ccd_v4_0_te_cd_regs.json
sns_ccd_v5.json
sns_ccd_v5_0_te_cd_regs.json
sns_ccd_v5_1_te_cd_regs.json
sns_cm.json
sns_dae.json
sns_diag_filter.json
sns_direct_channel.json
sns_distance_bound.json
sns_dpc.json
sns_facing.json
sns_fmv.json
sns_fmv_legacy.json
sns_geomag_rv.json
sns_gyro_cal.json
sns_mag_cal.json
sns_mag_cal_legacy.json
sns_offbody_detect_phone.json
sns_pedometer.json
sns_rmd.json
sns_rotv.json
sns_smd.json
sm7635_lsm6dsv_0.json
sm7635_icm4x6xx_0.json
qmc6308_0.json
sm7635_qmc6308_0.json
sm7635_mmc56x3x_0.json
sm7635_sip1328.json
sm7635_sip1328_irq_fb.json
sm7635_sx937x_0.json
sx937x_0.json
sx937x_reg_0.json
sns_gyro_cal_dynamic.json
sns_device_orient.json
sns_nonui.json
sns_aod.json
sns_sar_algo.json
sns_sar_algo_1.json
chre_dynamic_sensors.json
sm7635_ak7323.json
ak7323.json
